<?xml version="1.0" encoding="UTF-8"?>
<!-- Generated by org.testng.reporters.JUnitReportReporter -->
<testsuite hostname="LAPTOP-FBU3FC00" failures="0" tests="3" name="com.amazon.qa.testcases.AmznLoginPageTest" time="18.620" errors="0" timestamp="25 Jul. 2022 01:25:10 GMT" skipped="0">
  <testcase classname="com.amazon.qa.testcases.AmznLoginPageTest" name="readErrorMessageTest" time="6.174"/>
  <testcase classname="com.amazon.qa.testcases.AmznLoginPageTest" name="enterEmailTest" time="6.112"/>
  <testcase classname="com.amazon.qa.testcases.AmznLoginPageTest" name="enterWrongEmailTest" time="6.334"/>
</testsuite> <!-- com.amazon.qa.testcases.AmznLoginPageTest -->
