<?xml version="1.0" encoding="UTF-8"?>
<!-- Generated by org.testng.reporters.JUnitReportReporter -->
<testsuite hostname="LAPTOP-FBU3FC00" failures="0" tests="5" name="com.amazon.qa.testcases.AmznSignUpTest" time="39.659" errors="0" timestamp="25 Jul. 2022 01:25:10 GMT" skipped="0">
  <testcase classname="com.amazon.qa.testcases.AmznSignUpTest" name="enterPasswordTest" time="7.782"/>
  <testcase classname="com.amazon.qa.testcases.AmznSignUpTest" name="enterNameTest" time="7.718"/>
  <testcase classname="com.amazon.qa.testcases.AmznSignUpTest" name="enterPasswordAgainTest" time="7.888"/>
  <testcase classname="com.amazon.qa.testcases.AmznSignUpTest" name="clickOnContinueTest" time="8.217"/>
  <testcase classname="com.amazon.qa.testcases.AmznSignUpTest" name="enterMobileNumberTest" time="8.054"/>
</testsuite> <!-- com.amazon.qa.testcases.AmznSignUpTest -->
