<?xml version="1.0" encoding="UTF-8"?>
<!-- Generated by org.testng.reporters.JUnitReportReporter -->
<testsuite hostname="LAPTOP-FBU3FC00" failures="0" tests="4" name="com.amazon.qa.testcases.AmznHomePageTest" time="25.784" errors="0" timestamp="25 Jul. 2022 01:25:10 GMT" skipped="0">
  <testcase classname="com.amazon.qa.testcases.AmznHomePageTest" name="iPadSuggestionListTest" time="7.722"/>
  <testcase classname="com.amazon.qa.testcases.AmznHomePageTest" name="searchiPadTest" time="5.492"/>
  <testcase classname="com.amazon.qa.testcases.AmznHomePageTest" name="hoverOnSignInBtnTest" time="6.292"/>
  <testcase classname="com.amazon.qa.testcases.AmznHomePageTest" name="clickOnSignInTest" time="6.278"/>
</testsuite> <!-- com.amazon.qa.testcases.AmznHomePageTest -->
